============================================================
  Generated by:           Genus(TM) Synthesis Solution 20.11-s111_1
  Generated on:           Jun 19 2024  03:29:24 pm
  Module:                 mac16arr
  Operating conditions:   fast (balanced_tree)
  Wireload mode:          enclosed
  Area mode:              timing library
============================================================

                               
   Gate    Instances    Area    Library  
-----------------------------------------
ADDFHX1            2   153.014    tsmc18 
ADDFX1            32  2235.341    tsmc18 
ADDFX2             3   209.563    tsmc18 
ADDHXL            18   658.627    tsmc18 
AND2X2            70   931.392    tsmc18 
AOI22X1           27   449.064    tsmc18 
AOI22XL            1    16.632    tsmc18 
AOI2BB1X1          2    33.264    tsmc18 
AOI2BB1XL          4    66.528    tsmc18 
BUFX3             14   186.278    tsmc18 
CLKBUFX20          1    79.834    tsmc18 
CMPR22X1           1    39.917    tsmc18 
CMPR32X1           1    69.854    tsmc18 
DFFHQX1            6   319.334    tsmc18 
DFFHQX2            6   399.168    tsmc18 
DFFNX1             9   508.939    tsmc18 
DFFNX2             3   209.563    tsmc18 
DFFNX4             3   239.501    tsmc18 
DFFNXL             1    56.549    tsmc18 
EDFFTRX1           4   332.640    tsmc18 
INVX1              3    19.958    tsmc18 
MXI2X1             1    23.285    tsmc18 
NAND2X2            1    16.632    tsmc18 
NOR2X1            26   259.459    tsmc18 
NOR2XL             2    19.958    tsmc18 
OAI21X1           14   232.848    tsmc18 
OAI21XL            8   106.445    tsmc18 
OAI2BB1X1          8   133.056    tsmc18 
OAI2BB1X2         14   325.987    tsmc18 
OAI2BB1X4          1    33.264    tsmc18 
OAI2BB2X1          4    93.139    tsmc18 
OR2X2              1    13.306    tsmc18 
XNOR2X1            4   106.445    tsmc18 
XOR2X1            37   984.614    tsmc18 
XOR3X2             1    59.875    tsmc18 
-----------------------------------------
total            333  9623.275           


                                         
     Type      Instances   Area   Area % 
-----------------------------------------
sequential            32 2065.694   21.5 
inverter               3   19.958    0.2 
buffer                15  266.112    2.8 
logic                283 7271.510   75.6 
physical_cells         0    0.000    0.0 
-----------------------------------------
total                333 9623.275  100.0 

