============================================================
  Generated by:           Genus(TM) Synthesis Solution 20.11-s111_1
  Generated on:           Jun 19 2024  03:29:24 pm
  Module:                 mac16arr
  Operating conditions:   fast (balanced_tree)
  Wireload mode:          enclosed
  Area mode:              timing library
============================================================

 Instance    Module    Cell Count  Cell Area  Net Area   Total Area   Wireload  
--------------------------------------------------------------------------------
mac16arr                      333   9623.275     0.000     9623.275 <none> (D)  
  s1      rca16bit             64   1530.144     0.000     1530.144 <none> (D)  
    r0    rca8bit_154          30    681.912     0.000      681.912 <none> (D)  
      x1  fag_56                2     29.938     0.000       29.938 <none> (D)  
      x2  fag_86                4     93.139     0.000       93.139 <none> (D)  
      x3  fag_85                4     93.139     0.000       93.139 <none> (D)  
      x4  fag_84                4     93.139     0.000       93.139 <none> (D)  
      x5  fag_83                4     93.139     0.000       93.139 <none> (D)  
      x6  fag_82                4     93.139     0.000       93.139 <none> (D)  
      x7  fag_81                4     93.139     0.000       93.139 <none> (D)  
      x8  fag_80                4     93.139     0.000       93.139 <none> (D)  
    r1    rca8bit_4            34    848.232     0.000      848.232 <none> (D)  
      x1  fag_79                4     93.139     0.000       93.139 <none> (D)  
      x2  fag_78                4     93.139     0.000       93.139 <none> (D)  
      x3  fag_77                4     93.139     0.000       93.139 <none> (D)  
      x4  fag_76                4     93.139     0.000       93.139 <none> (D)  
      x5  fag_75                4     93.139     0.000       93.139 <none> (D)  
      x6  fag_74                4     93.139     0.000       93.139 <none> (D)  
      x7  fag_73                4     93.139     0.000       93.139 <none> (D)  
      x8  fag_72                6    196.258     0.000      196.258 <none> (D)  
  v1      array8              165   5082.739     0.000     5082.739 <none> (D)  
    n1    rca8bit               8    525.571     0.000      525.571 <none> (D)  
      x1  fag_56_138            1     36.590     0.000       36.590 <none> (D)  
      x2  fag_124               1     69.854     0.000       69.854 <none> (D)  
      x3  fag_123               1     69.854     0.000       69.854 <none> (D)  
      x4  fag_122               1     69.854     0.000       69.854 <none> (D)  
      x5  fag_121               1     69.854     0.000       69.854 <none> (D)  
      x6  fag_120               1     69.854     0.000       69.854 <none> (D)  
      x7  fag_119               1     69.854     0.000       69.854 <none> (D)  
      x8  fag_118               1     69.854     0.000       69.854 <none> (D)  
    n2    rca8bit_1             8    382.536     0.000      382.536 <none> (D)  
      x1  fag_40                1     36.590     0.000       36.590 <none> (D)  
      x2  fag_93                1     69.854     0.000       69.854 <none> (D)  
      x3  fag_92                1     69.854     0.000       69.854 <none> (D)  
      x4  fag_91                1     69.854     0.000       69.854 <none> (D)  
      x5  fag_44                1     36.590     0.000       36.590 <none> (D)  
      x6  fag_44_135            1     36.590     0.000       36.590 <none> (D)  
      x7  fag_44_134            1     36.590     0.000       36.590 <none> (D)  
      x8  fag_44_133            1     26.611     0.000       26.611 <none> (D)  
    n3    rca8bit_2             8    415.800     0.000      415.800 <none> (D)  
      x1  fag_40_132            1     36.590     0.000       36.590 <none> (D)  
      x2  fag_90                1     69.854     0.000       69.854 <none> (D)  
      x3  fag_89                1     69.854     0.000       69.854 <none> (D)  
      x4  fag_88                1     69.854     0.000       69.854 <none> (D)  
      x5  fag_87                1     69.854     0.000       69.854 <none> (D)  
      x6  fag_55_136            1     36.590     0.000       36.590 <none> (D)  
      x7  fag_55_137            1     36.590     0.000       36.590 <none> (D)  
      x8  fag_55                1     26.611     0.000       26.611 <none> (D)  
    x1    array4               43    977.962     0.000      977.962 <none> (D)  
      h1  hag                   2     29.938     0.000       29.938 <none> (D)  
      h2  fag                   5     86.486     0.000       86.486 <none> (D)  
      h3  hag_153               2     29.938     0.000       29.938 <none> (D)  
      h4  fag_131               4     83.160     0.000       83.160 <none> (D)  
      h5  fag_130               3     89.813     0.000       89.813 <none> (D)  
      h6  hag_152               2     29.938     0.000       29.938 <none> (D)  
      h7  hag_151               1     39.917     0.000       39.917 <none> (D)  
      h8  fag_129               4     83.160     0.000       83.160 <none> (D)  
      h9  fag_128               1     76.507     0.000       76.507 <none> (D)  
      h10 fag_127               1     69.854     0.000       69.854 <none> (D)  
      h11 fag_126               1     76.507     0.000       76.507 <none> (D)  
      h12 fag_125               1     69.854     0.000       69.854 <none> (D)  
    x2    array4_6             35    931.392     0.000      931.392 <none> (D)  
      h1  hag_150               2     29.938     0.000       29.938 <none> (D)  
      h2  fag_117               4     79.834     0.000       79.834 <none> (D)  
      h3  hag_149               1     36.590     0.000       36.590 <none> (D)  
      h4  fag_116               4     79.834     0.000       79.834 <none> (D)  
      h5  fag_115               1     69.854     0.000       69.854 <none> (D)  
      h6  hag_148               1     36.590     0.000       36.590 <none> (D)  
      h7  hag_147               1     36.590     0.000       36.590 <none> (D)  
      h8  fag_114               1     69.854     0.000       69.854 <none> (D)  
      h9  fag_113               1     69.854     0.000       69.854 <none> (D)  
      h10 fag_112               1     69.854     0.000       69.854 <none> (D)  
      h11 fag_111               1     69.854     0.000       69.854 <none> (D)  
      h12 fag_110               1     69.854     0.000       69.854 <none> (D)  
    x3    array4_5             35    931.392     0.000      931.392 <none> (D)  
      h1  hag_146               2     29.938     0.000       29.938 <none> (D)  
      h2  fag_109               4     79.834     0.000       79.834 <none> (D)  
      h3  hag_145               1     36.590     0.000       36.590 <none> (D)  
      h4  fag_108               4     79.834     0.000       79.834 <none> (D)  
      h5  fag_107               1     69.854     0.000       69.854 <none> (D)  
      h6  hag_144               1     36.590     0.000       36.590 <none> (D)  
      h7  hag_143               1     36.590     0.000       36.590 <none> (D)  
      h8  fag_106               1     69.854     0.000       69.854 <none> (D)  
      h9  fag_105               1     69.854     0.000       69.854 <none> (D)  
      h10 fag_104               1     69.854     0.000       69.854 <none> (D)  
      h11 fag_103               1     69.854     0.000       69.854 <none> (D)  
      h12 fag_102               1     69.854     0.000       69.854 <none> (D)  
    x4    array4_4             28    918.086     0.000      918.086 <none> (D)  
      h1  hag_142               1     36.590     0.000       36.590 <none> (D)  
      h2  fag_101               1     69.854     0.000       69.854 <none> (D)  
      h3  hag_141               1     36.590     0.000       36.590 <none> (D)  
      h4  fag_100               1     69.854     0.000       69.854 <none> (D)  
      h5  fag_99                1     69.854     0.000       69.854 <none> (D)  
      h6  hag_140               1     36.590     0.000       36.590 <none> (D)  
      h7  hag_139               1     36.590     0.000       36.590 <none> (D)  
      h8  fag_98                1     69.854     0.000       69.854 <none> (D)  
      h9  fag_97                1     69.854     0.000       69.854 <none> (D)  
      h10 fag_96                1     69.854     0.000       69.854 <none> (D)  
      h11 fag_95                1     69.854     0.000       69.854 <none> (D)  
      h12 fag_94                1     69.854     0.000       69.854 <none> (D)  
  (D) = wireload is default in technology library
